2025-04-27 23:32:45 - INFO - Application starting...
2025-04-27 23:32:45 - INFO - Database initialized successfully
2025-04-27 23:32:45 - INFO - Default theme set
2025-04-27 23:33:25 - ERROR - Error creating user: table users has no column named email
2025-04-27 23:33:25 - ERROR - Failed to create user: kunj
2025-04-27 23:33:31 - ERROR - Error creating user: table users has no column named email
2025-04-27 23:33:31 - ERROR - Failed to create user: kunj@
2025-04-27 23:33:32 - ERROR - Error creating user: table users has no column named email
2025-04-27 23:33:32 - ERROR - Failed to create user: kunj@
2025-04-27 23:33:39 - ERROR - Error creating user: table users has no column named email
2025-04-27 23:33:39 - ERROR - Failed to create user: kunj@123
2025-04-27 23:33:39 - ERROR - Error creating user: table users has no column named email
2025-04-27 23:33:39 - ERROR - Failed to create user: kunj@123
2025-04-27 23:33:40 - ERROR - Error creating user: table users has no column named email
2025-04-27 23:33:40 - ERROR - Failed to create user: kunj@123
2025-04-27 23:33:47 - INFO - Login failed: Username kunj not found
2025-04-27 23:37:43 - INFO - Application starting...
2025-04-27 23:37:43 - INFO - Database initialized successfully
2025-04-27 23:37:43 - INFO - Default theme set
2025-04-27 23:38:16 - ERROR - Error creating user: table users has no column named email
2025-04-27 23:38:16 - ERROR - Failed to create user: kunj
2025-04-27 23:38:29 - ERROR - Error creating user: table users has no column named email
2025-04-27 23:38:29 - ERROR - Failed to create user: kun
2025-04-27 23:38:30 - ERROR - Error creating user: table users has no column named email
2025-04-27 23:38:30 - ERROR - Failed to create user: kun
2025-04-27 23:41:22 - INFO - Application starting...
2025-04-27 23:41:22 - INFO - Database schema outdated, recreating database...
2025-04-27 23:41:22 - INFO - Created users table
2025-04-27 23:41:22 - INFO - Database initialized successfully
2025-04-27 23:41:22 - INFO - Default theme set
2025-04-27 23:41:43 - INFO - User registered: KUNJ
2025-04-27 23:41:43 - INFO - New user registered: KUNJ
2025-04-27 23:42:06 - ERROR - Error changing theme mode: name 'sv_ttk' is not defined
2025-04-27 23:42:14 - ERROR - Error changing theme mode: name 'sv_ttk' is not defined
2025-04-27 23:42:15 - ERROR - Error changing theme mode: name 'sv_ttk' is not defined
2025-04-27 23:42:28 - INFO - Application starting...
2025-04-27 23:42:28 - INFO - Database initialized successfully
2025-04-27 23:42:28 - INFO - Default theme set
2025-04-27 23:42:39 - INFO - User logged in: KUNJ
2025-04-27 23:42:39 - INFO - User logged in: KUNJ
2025-04-27 23:43:03 - INFO - Transaction added: CAR ($-500.00)
2025-04-28 01:17:39 - INFO - Application starting...
2025-04-28 01:17:39 - INFO - Database initialized successfully
2025-04-28 01:17:39 - INFO - Default theme set
2025-04-28 01:17:53 - INFO - User logged in: KUNJ
2025-04-28 01:17:53 - INFO - User logged in: KUNJ
2025-04-28 01:18:26 - INFO - Transaction added: FOOD ($-600.00)
2025-04-28 01:19:24 - INFO - Transaction added: SALARY ($1800.00)
2025-04-28 01:19:58 - ERROR - Error exporting data: 'SettingsView' object has no attribute 'transaction_controller'
2025-04-28 01:24:15 - INFO - Application starting...
2025-04-28 01:24:15 - INFO - Database initialized successfully
2025-04-28 01:24:15 - INFO - Default theme set
2025-04-28 01:24:39 - INFO - User logged in: KUNJ
2025-04-28 01:24:39 - INFO - User logged in: KUNJ
2025-04-28 01:26:00 - INFO - User logged out
2025-04-28 01:51:16 - INFO - Application starting...
2025-04-28 01:51:16 - INFO - Database initialized successfully
2025-04-28 01:51:16 - INFO - Default theme set
2025-04-28 01:51:26 - INFO - User logged in: KUNJ
2025-04-28 01:51:26 - INFO - User logged in: KUNJ
2025-04-28 01:51:26 - ERROR - Login error: 'DashboardView' object has no attribute 'load_data'
2025-04-28 01:51:34 - ERROR - Error loading categories: bad option "-width": must be -after, -anchor, -before, -expand, -fill, -in, -ipadx, -ipady, -padx, -pady, or -side
2025-04-28 01:51:37 - INFO - User logged out
2025-04-28 01:51:43 - INFO - User logged out
2025-04-28 01:51:48 - INFO - User logged out
2025-04-28 01:51:48 - INFO - User logged out
2025-04-28 01:51:48 - INFO - User logged out
2025-04-28 01:51:48 - INFO - User logged out
2025-04-28 01:51:49 - INFO - User logged out
2025-04-28 02:01:02 - INFO - Application starting...
2025-04-28 02:01:02 - INFO - Database initialized successfully
2025-04-28 02:01:02 - INFO - Default theme set
2025-04-28 02:01:16 - INFO - User logged in: KUNJ
2025-04-28 02:01:16 - INFO - User logged in: KUNJ
2025-04-28 02:01:16 - ERROR - Login error: 'DashboardView' object has no attribute 'load_data'
2025-04-28 02:02:09 - ERROR - Error loading categories: bad option "-width": must be -after, -anchor, -before, -expand, -fill, -in, -ipadx, -ipady, -padx, -pady, or -side
2025-04-28 02:02:11 - INFO - User logged out
2025-04-28 02:02:12 - INFO - User logged out
2025-04-28 02:02:13 - INFO - User logged out
2025-04-28 02:02:13 - INFO - User logged out
2025-04-28 02:02:13 - INFO - User logged out
2025-04-28 02:05:27 - INFO - Application starting...
2025-04-28 02:05:27 - INFO - Database initialized successfully
2025-04-28 02:05:27 - INFO - Default theme set
2025-04-28 02:05:38 - INFO - User logged in: KUNJ
2025-04-28 02:05:38 - INFO - User logged in: KUNJ
2025-04-28 02:05:45 - ERROR - Error loading categories: bad option "-width": must be -after, -anchor, -before, -expand, -fill, -in, -ipadx, -ipady, -padx, -pady, or -side
2025-04-28 02:05:50 - ERROR - Error changing theme mode: name 'sv_ttk' is not defined
2025-04-28 02:06:01 - ERROR - Error loading categories: bad option "-width": must be -after, -anchor, -before, -expand, -fill, -in, -ipadx, -ipady, -padx, -pady, or -side
2025-04-28 02:09:19 - INFO - Application starting...
2025-04-28 02:09:19 - INFO - Database initialized successfully
2025-04-28 02:09:19 - INFO - Default theme set
2025-04-28 02:09:30 - INFO - User logged in: KUNJ
2025-04-28 02:09:30 - INFO - User logged in: KUNJ
2025-04-28 02:09:33 - ERROR - Error loading categories: bad option "-width": must be -after, -anchor, -before, -expand, -fill, -in, -ipadx, -ipady, -padx, -pady, or -side
2025-04-28 02:10:01 - INFO - Theme mode changed to Dark
2025-04-28 02:10:12 - INFO - Transactions exported to C:/Users/Kunj/Downloads/F.csv
2025-04-28 02:10:15 - INFO - User logged out
2025-04-28 02:10:25 - INFO - Application starting...
2025-04-28 02:10:25 - INFO - Database initialized successfully
2025-04-28 02:10:25 - INFO - Default theme set
2025-04-28 02:10:35 - INFO - User logged in: KUNJ
2025-04-28 02:10:35 - INFO - User logged in: KUNJ
2025-04-28 02:11:13 - ERROR - Error loading categories: bad option "-width": must be -after, -anchor, -before, -expand, -fill, -in, -ipadx, -ipady, -padx, -pady, or -side
2025-04-28 02:11:32 - INFO - Theme mode changed to Dark
2025-04-28 02:56:55 - INFO - Application starting...
2025-04-28 02:56:55 - INFO - Database initialized successfully
2025-04-28 02:56:55 - INFO - Default theme set
